c:\users\sethk\desktop\loader\jailbreak.o
c:\users\sethk\desktop\loader\main.o
c:\users\sethk\desktop\loader\network.o
c:\users\sethk\desktop\loader\server.o
c:\users\sethk\desktop\loader\util.o
c:\users\sethk\desktop\loader\webvita.o
c:\users\sethk\desktop\loader\kernel.o
c:\users\sethk\desktop\loader\unityprxplugin.o
c:\users\sethk\desktop\loader\pluginlib.o
c:\users\sethk\desktop\loader\pluginunjail.o
c:\users\sethk\desktop\loader\prx.o
c:\users\sethk\desktop\loader\syscall.o
c:\users\sethk\desktop\loader\syscalls.o
c:\users\sethk\desktop\loader\new.o
c:\users\sethk\desktop\loader\unjail.o
c:\users\sethk\desktop\loader\homebrewwip_stub_weak.a
c:\users\sethk\desktop\loader\homebrewwip_stub.a
c:\users\sethk\desktop\loader\homebrewwip.prx
c:\users\sethk\desktop\loader\homebrewwip.tlog\orbis-clang-cl.command.1.tlog
c:\users\sethk\desktop\loader\homebrewwip.tlog\orbis-clang-cl.read.1.tlog
c:\users\sethk\desktop\loader\homebrewwip.tlog\orbis-clang-cl.write.1.tlog
c:\users\sethk\desktop\loader\homebrewwip.tlog\orbis-ld.command.1.tlog
c:\users\sethk\desktop\loader\homebrewwip.tlog\orbis-ld.read.1.tlog
c:\users\sethk\desktop\loader\homebrewwip.tlog\orbis-ld.write.1.tlog
c:\users\sethk\desktop\loader\.\homebrewwip.prx
