C:\Program Files (x86)\Microsoft Visual Studio\2017\Community\Common7\IDE\VC\VCTargets\Platforms\ORBIS\Microsoft.CppBuild.orbis.targets(86,5): warning MSB8004: Output Directory does not end with a trailing slash.  This build instance will add the slash as it is required to allow proper evaluation of the Output Directory.
C:\Program Files (x86)\Microsoft Visual Studio\2017\Community\Common7\IDE\VC\VCTargets\Platforms\ORBIS\Microsoft.CppBuild.orbis.targets(100,5): warning MSB8028: The intermediate directory (ORBIS_Release\) contains files shared from another project (libPS4Unjail.vcxproj).  This can lead to incorrect clean and rebuild behavior.
  kernel.c
  UnityPrxPlugin.cpp
  pluginLib.cpp
C:\Users\sethk\Desktop\loader\pluginLib.cpp(1,9): warning : #pragma once in main file [-Wpragma-once-outside-header]
  pluginunjail.cpp
  In file included from C:\Users\sethk\Desktop\loader\pluginunjail.cpp:4:
  In file included from C:\Users\sethk\Desktop\loader/unjail.h:5:
C:\Users\sethk\Desktop\loader/lv2.h(29,45): warning : '/*' within block comment [-Wcomment]
C:\Users\sethk\Desktop\loader/lv2.h(30,48): warning : '/*' within block comment [-Wcomment]
C:\Users\sethk\Desktop\loader/lv2.h(31,50): warning : '/*' within block comment [-Wcomment]
C:\Users\sethk\Desktop\loader/lv2.h(170,2): warning : '/*' within block comment [-Wcomment]
C:\Users\sethk\Desktop\loader/lv2.h(304,1): warning : '/*' within block comment [-Wcomment]
C:\Users\sethk\Desktop\loader/lv2.h(307,1): warning : '/*' within block comment [-Wcomment]
C:\Users\sethk\Desktop\loader/lv2.h(315,1): warning : '/*' within block comment [-Wcomment]
C:\Users\sethk\Desktop\loader/lv2.h(318,1): warning : '/*' within block comment [-Wcomment]
C:\Users\sethk\Desktop\loader/lv2.h(321,1): warning : '/*' within block comment [-Wcomment]
C:\Users\sethk\Desktop\loader/lv2.h(324,1): warning : '/*' within block comment [-Wcomment]
C:\Users\sethk\Desktop\loader/lv2.h(327,1): warning : '/*' within block comment [-Wcomment]
C:\Users\sethk\Desktop\loader/lv2.h(330,1): warning : '/*' within block comment [-Wcomment]
C:\Users\sethk\Desktop\loader/lv2.h(333,1): warning : '/*' within block comment [-Wcomment]
C:\Users\sethk\Desktop\loader/lv2.h(335,1): warning : '/*' within block comment [-Wcomment]
C:\Users\sethk\Desktop\loader/lv2.h(338,1): warning : '/*' within block comment [-Wcomment]
C:\Users\sethk\Desktop\loader\pluginunjail.cpp(113,1): warning : control reaches end of non-void function [-Wreturn-type]
  prx.cpp
  In file included from C:\Users\sethk\Desktop\loader\prx.cpp:10:
  In file included from C:\Users\sethk\Desktop\loader/unjail.h:5:
C:\Users\sethk\Desktop\loader/lv2.h(29,45): warning : '/*' within block comment [-Wcomment]
C:\Users\sethk\Desktop\loader/lv2.h(30,48): warning : '/*' within block comment [-Wcomment]
C:\Users\sethk\Desktop\loader/lv2.h(31,50): warning : '/*' within block comment [-Wcomment]
C:\Users\sethk\Desktop\loader/lv2.h(170,2): warning : '/*' within block comment [-Wcomment]
C:\Users\sethk\Desktop\loader/lv2.h(304,1): warning : '/*' within block comment [-Wcomment]
C:\Users\sethk\Desktop\loader/lv2.h(307,1): warning : '/*' within block comment [-Wcomment]
C:\Users\sethk\Desktop\loader/lv2.h(315,1): warning : '/*' within block comment [-Wcomment]
C:\Users\sethk\Desktop\loader/lv2.h(318,1): warning : '/*' within block comment [-Wcomment]
C:\Users\sethk\Desktop\loader/lv2.h(321,1): warning : '/*' within block comment [-Wcomment]
C:\Users\sethk\Desktop\loader/lv2.h(324,1): warning : '/*' within block comment [-Wcomment]
C:\Users\sethk\Desktop\loader/lv2.h(327,1): warning : '/*' within block comment [-Wcomment]
C:\Users\sethk\Desktop\loader/lv2.h(330,1): warning : '/*' within block comment [-Wcomment]
C:\Users\sethk\Desktop\loader/lv2.h(333,1): warning : '/*' within block comment [-Wcomment]
C:\Users\sethk\Desktop\loader/lv2.h(335,1): warning : '/*' within block comment [-Wcomment]
C:\Users\sethk\Desktop\loader/lv2.h(338,1): warning : '/*' within block comment [-Wcomment]
C:\Users\sethk\Desktop\loader\prx.cpp(197,11): warning : empty parentheses interpreted as a function declaration [-Wvexing-parse]
  C:\Users\sethk\Desktop\loader\prx.cpp(197,11):  note: replace parentheses with an initializer to declare a variable
C:\Users\sethk\Desktop\loader\prx.cpp(198,1): warning : control reaches end of non-void function [-Wreturn-type]
C:\Users\sethk\Desktop\loader\prx.cpp(234,1): warning : control reaches end of non-void function [-Wreturn-type]
C:\Users\sethk\Desktop\loader\prx.cpp(321,1): warning : control reaches end of non-void function [-Wreturn-type]
  syscall.cpp
  new.S
  unjail.c
  In file included from C:\Users\sethk\Desktop\loader\unjail.c:11:
  In file included from C:\Users\sethk\Desktop\loader/unjail.h:5:
C:\Users\sethk\Desktop\loader/lv2.h(29,45): warning : '/*' within block comment [-Wcomment]
C:\Users\sethk\Desktop\loader/lv2.h(30,48): warning : '/*' within block comment [-Wcomment]
C:\Users\sethk\Desktop\loader/lv2.h(31,50): warning : '/*' within block comment [-Wcomment]
C:\Users\sethk\Desktop\loader/lv2.h(170,2): warning : '/*' within block comment [-Wcomment]
C:\Users\sethk\Desktop\loader/lv2.h(304,1): warning : '/*' within block comment [-Wcomment]
C:\Users\sethk\Desktop\loader/lv2.h(307,1): warning : '/*' within block comment [-Wcomment]
C:\Users\sethk\Desktop\loader/lv2.h(315,1): warning : '/*' within block comment [-Wcomment]
C:\Users\sethk\Desktop\loader/lv2.h(318,1): warning : '/*' within block comment [-Wcomment]
C:\Users\sethk\Desktop\loader/lv2.h(321,1): warning : '/*' within block comment [-Wcomment]
C:\Users\sethk\Desktop\loader/lv2.h(324,1): warning : '/*' within block comment [-Wcomment]
C:\Users\sethk\Desktop\loader/lv2.h(327,1): warning : '/*' within block comment [-Wcomment]
C:\Users\sethk\Desktop\loader/lv2.h(330,1): warning : '/*' within block comment [-Wcomment]
C:\Users\sethk\Desktop\loader/lv2.h(333,1): warning : '/*' within block comment [-Wcomment]
C:\Users\sethk\Desktop\loader/lv2.h(335,1): warning : '/*' within block comment [-Wcomment]
C:\Users\sethk\Desktop\loader/lv2.h(338,1): warning : '/*' within block comment [-Wcomment]
  In file included from C:\Users\sethk\Desktop\loader\unjail.c:16:
  In file included from C:\Users\sethk\Desktop\loader/dump.h:4:
C:\Users\sethk\Desktop\loader/Modded_SDK\libPS4\include\types.h(73,18): warning : redefinition of typedef '__dev_t' is a C11 feature [-Wtypedef-redefinition]
  C:\Program Files (x86)\SCE\ORBIS SDKs\4.500\target\include\sys/_types.h(114,20):  note: previous definition is here
  In file included from C:\Users\sethk\Desktop\loader\unjail.c:16:
  In file included from C:\Users\sethk\Desktop\loader/dump.h:4:
C:\Users\sethk\Desktop\loader/Modded_SDK\libPS4\include\types.h(111,22): warning : redefinition of typedef 'SceKernelUseconds' is a C11 feature [-Wtypedef-redefinition]
  C:\Program Files (x86)\SCE\ORBIS SDKs\4.500\target\include/_types.h(22,29):  note: previous definition is here
  In file included from C:\Users\sethk\Desktop\loader\unjail.c:18:
C:\Users\sethk\Desktop\loader/definess.h(67,9): warning : 'PAGE_SIZE' macro redefined [-Wmacro-redefined]
  C:\Program Files (x86)\SCE\ORBIS SDKs\4.500\target\include\machine/param.h(98,9):  note: previous definition is here
  In file included from C:\Users\sethk\Desktop\loader\unjail.c:43:
  In file included from C:\Users\sethk\Desktop\loader/Modded_SDK/libPS4/include/ps4.h:5:
C:\Users\sethk\Desktop\loader\Modded_SDK\libPS4\include/memory.h(1,9): warning : 'PAGE_SIZE' macro redefined [-Wmacro-redefined]
  C:\Users\sethk\Desktop\loader/definess.h(67,9):  note: previous definition is here
  In file included from C:\Users\sethk\Desktop\loader\unjail.c:43:
  In file included from C:\Users\sethk\Desktop\loader/Modded_SDK/libPS4/include/ps4.h:5:
C:\Users\sethk\Desktop\loader\Modded_SDK\libPS4\include/memory.h(3,9): warning : 'PROT_CPU_READ' macro redefined [-Wmacro-redefined]
  C:\Program Files (x86)\SCE\ORBIS SDKs\4.500\target\include\sys/mman.h(64,9):  note: previous definition is here
  In file included from C:\Users\sethk\Desktop\loader\unjail.c:43:
  In file included from C:\Users\sethk\Desktop\loader/Modded_SDK/libPS4/include/ps4.h:5:
C:\Users\sethk\Desktop\loader\Modded_SDK\libPS4\include/memory.h(4,9): warning : 'PROT_CPU_WRITE' macro redefined [-Wmacro-redefined]
  C:\Program Files (x86)\SCE\ORBIS SDKs\4.500\target\include\sys/mman.h(65,9):  note: previous definition is here
  In file included from C:\Users\sethk\Desktop\loader\unjail.c:43:
  In file included from C:\Users\sethk\Desktop\loader/Modded_SDK/libPS4/include/ps4.h:5:
C:\Users\sethk\Desktop\loader\Modded_SDK\libPS4\include/memory.h(5,9): warning : 'PROT_CPU_EXEC' macro redefined [-Wmacro-redefined]
  C:\Program Files (x86)\SCE\ORBIS SDKs\4.500\target\include\sys/mman.h(66,9):  note: previous definition is here
  In file included from C:\Users\sethk\Desktop\loader\unjail.c:43:
  In file included from C:\Users\sethk\Desktop\loader/Modded_SDK/libPS4/include/ps4.h:5:
C:\Users\sethk\Desktop\loader\Modded_SDK\libPS4\include/memory.h(7,9): warning : 'PROT_GPU_READ' macro redefined [-Wmacro-redefined]
  C:\Program Files (x86)\SCE\ORBIS SDKs\4.500\target\include\sys/mman.h(68,9):  note: previous definition is here
  In file included from C:\Users\sethk\Desktop\loader\unjail.c:43:
  In file included from C:\Users\sethk\Desktop\loader/Modded_SDK/libPS4/include/ps4.h:5:
C:\Users\sethk\Desktop\loader\Modded_SDK\libPS4\include/memory.h(8,9): warning : 'PROT_GPU_WRITE' macro redefined [-Wmacro-redefined]
  C:\Program Files (x86)\SCE\ORBIS SDKs\4.500\target\include\sys/mman.h(69,9):  note: previous definition is here
  In file included from C:\Users\sethk\Desktop\loader\unjail.c:43:
  In file included from C:\Users\sethk\Desktop\loader/Modded_SDK/libPS4/include/ps4.h:5:
C:\Users\sethk\Desktop\loader\Modded_SDK\libPS4\include/memory.h(10,9): warning : 'PROT_NONE' macro redefined [-Wmacro-redefined]
  C:\Program Files (x86)\SCE\ORBIS SDKs\4.500\target\include\sys/mman.h(60,9):  note: previous definition is here
  In file included from C:\Users\sethk\Desktop\loader\unjail.c:43:
  In file included from C:\Users\sethk\Desktop\loader/Modded_SDK/libPS4/include/ps4.h:5:
C:\Users\sethk\Desktop\loader\Modded_SDK\libPS4\include/memory.h(11,9): warning : 'PROT_READ' macro redefined [-Wmacro-redefined]
  C:\Program Files (x86)\SCE\ORBIS SDKs\4.500\target\include\sys/mman.h(61,9):  note: previous definition is here
  In file included from C:\Users\sethk\Desktop\loader\unjail.c:43:
  In file included from C:\Users\sethk\Desktop\loader/Modded_SDK/libPS4/include/ps4.h:5:
C:\Users\sethk\Desktop\loader\Modded_SDK\libPS4\include/memory.h(12,9): warning : 'PROT_WRITE' macro redefined [-Wmacro-redefined]
  C:\Program Files (x86)\SCE\ORBIS SDKs\4.500\target\include\sys/mman.h(62,9):  note: previous definition is here
  In file included from C:\Users\sethk\Desktop\loader\unjail.c:43:
  In file included from C:\Users\sethk\Desktop\loader/Modded_SDK/libPS4/include/ps4.h:5:
C:\Users\sethk\Desktop\loader\Modded_SDK\libPS4\include/memory.h(13,9): warning : 'PROT_EXEC' macro redefined [-Wmacro-redefined]
  C:\Program Files (x86)\SCE\ORBIS SDKs\4.500\target\include\sys/mman.h(63,9):  note: previous definition is here
  In file included from C:\Users\sethk\Desktop\loader\unjail.c:43:
  In file included from C:\Users\sethk\Desktop\loader/Modded_SDK/libPS4/include/ps4.h:5:
C:\Users\sethk\Desktop\loader\Modded_SDK\libPS4\include/memory.h(15,9): warning : 'MAP_SHARED' macro redefined [-Wmacro-redefined]
  C:\Program Files (x86)\SCE\ORBIS SDKs\4.500\target\include\sys/mman.h(76,9):  note: previous definition is here
  In file included from C:\Users\sethk\Desktop\loader\unjail.c:43:
  In file included from C:\Users\sethk\Desktop\loader/Modded_SDK/libPS4/include/ps4.h:5:
C:\Users\sethk\Desktop\loader\Modded_SDK\libPS4\include/memory.h(16,9): warning : 'MAP_PRIVATE' macro redefined [-Wmacro-redefined]
  C:\Program Files (x86)\SCE\ORBIS SDKs\4.500\target\include\sys/mman.h(77,9):  note: previous definition is here
  In file included from C:\Users\sethk\Desktop\loader\unjail.c:43:
  In file included from C:\Users\sethk\Desktop\loader/Modded_SDK/libPS4/include/ps4.h:5:
C:\Users\sethk\Desktop\loader\Modded_SDK\libPS4\include/memory.h(18,9): warning : 'MAP_FIXED' macro redefined [-Wmacro-redefined]
  C:\Program Files (x86)\SCE\ORBIS SDKs\4.500\target\include\sys/mman.h(85,9):  note: previous definition is here
  In file included from C:\Users\sethk\Desktop\loader\unjail.c:43:
  In file included from C:\Users\sethk\Desktop\loader/Modded_SDK/libPS4/include/ps4.h:5:
C:\Users\sethk\Desktop\loader\Modded_SDK\libPS4\include/memory.h(19,9): warning : 'MAP_ANONYMOUS' macro redefined [-Wmacro-redefined]
  C:\Program Files (x86)\SCE\ORBIS SDKs\4.500\target\include\sys/mman.h(104,9):  note: previous definition is here
  In file included from C:\Users\sethk\Desktop\loader\unjail.c:43:
  In file included from C:\Users\sethk\Desktop\loader/Modded_SDK/libPS4/include/ps4.h:5:
C:\Users\sethk\Desktop\loader\Modded_SDK\libPS4\include/memory.h(22,9): warning : 'MAP_FAILED' macro redefined [-Wmacro-redefined]
  C:\Program Files (x86)\SCE\ORBIS SDKs\4.500\target\include\sys/mman.h(132,9):  note: previous definition is here
C:\Users\sethk\Desktop\loader\unjail.c(51,9): warning : implicit declaration of function 'syscall' is invalid in C99 [-Wimplicit-function-declaration]
C:\Users\sethk\Desktop\loader\unjail.c(54,18): warning : redefinition of typedef 'u8' is a C11 feature [-Wtypedef-redefinition]
  C:\Users\sethk\Desktop\loader/Modded_SDK\libPS4\include\types.h(47,17):  note: previous definition is here
C:\Users\sethk\Desktop\loader\unjail.c(55,18): warning : redefinition of typedef 'u32' is a C11 feature [-Wtypedef-redefinition]
  C:\Users\sethk\Desktop\loader/Modded_SDK\libPS4\include\types.h(49,18):  note: previous definition is here
C:\Users\sethk\Desktop\loader\unjail.c(56,18): warning : redefinition of typedef 'u64' is a C11 feature [-Wtypedef-redefinition]
  C:\Users\sethk\Desktop\loader/Modded_SDK\libPS4\include\types.h(50,18):  note: previous definition is here
C:\Users\sethk\Desktop\loader\unjail.c(133,9): warning : cast to 'void *' from smaller integer type 'int' [-Wint-to-void-pointer-cast]
C:\Users\sethk\Desktop\loader\unjail.c(598,9): warning : 'PATH_MAX' macro redefined [-Wmacro-redefined]
  C:\Program Files (x86)\SCE\ORBIS SDKs\4.500\target\include\sys/syslimits.h(74,9):  note: previous definition is here
C:\Users\sethk\Desktop\loader\unjail.c(640,9): warning : 'PAGE_SIZE' macro redefined [-Wmacro-redefined]
  C:\Users\sethk\Desktop\loader\Modded_SDK\libPS4\include/memory.h(1,9):  note: previous definition is here
C:\Users\sethk\Desktop\loader\unjail.c(681,18): warning : implicit declaration of function 'syscall4' is invalid in C99 [-Wimplicit-function-declaration]
C:\Users\sethk\Desktop\loader\unjail.c(686,18): warning : implicit declaration of function 'syscall1' is invalid in C99 [-Wimplicit-function-declaration]
C:\Users\sethk\Desktop\loader\unjail.c(692,18): warning : implicit declaration of function 'syscall3' is invalid in C99 [-Wimplicit-function-declaration]
C:\Users\sethk\Desktop\loader\unjail.c(813,9): warning : 'AF_INET' macro redefined [-Wmacro-redefined]
  C:\Program Files (x86)\SCE\ORBIS SDKs\4.500\target\include\sys/socket.h(56,9):  note: previous definition is here
C:\Users\sethk\Desktop\loader\unjail.c(827,9): warning : 'TCP_NODELAY' macro redefined [-Wmacro-redefined]
  C:\Program Files (x86)\SCE\ORBIS SDKs\4.500\target\include\netinet/tcp.h(16,9):  note: previous definition is here
C:\Users\sethk\Desktop\loader\unjail.c(995,3): warning : implicit declaration of function 'sceNetSend' is invalid in C99 [-Wimplicit-function-declaration]
C:\Users\sethk\Desktop\loader\unjail.c(1005,10): warning : implicit declaration of function 'sceNetRecv' is invalid in C99 [-Wimplicit-function-declaration]
C:\Users\sethk\Desktop\loader\unjail.c(1068,24): warning : implicit declaration of function 'sceNetSocket' is invalid in C99 [-Wimplicit-function-declaration]
C:\Users\sethk\Desktop\loader\unjail.c(1078,42): warning : implicit declaration of function 'sceNetHtonl' is invalid in C99 [-Wimplicit-function-declaration]
C:\Users\sethk\Desktop\loader\unjail.c(1080,35): warning : implicit declaration of function 'sceNetHtons' is invalid in C99 [-Wimplicit-function-declaration]
C:\Users\sethk\Desktop\loader\unjail.c(1083,8): warning : implicit declaration of function 'sceNetBind' is invalid in C99 [-Wimplicit-function-declaration]
C:\Users\sethk\Desktop\loader\unjail.c(1089,8): warning : implicit declaration of function 'sceNetListen' is invalid in C99 [-Wimplicit-function-declaration]
C:\Users\sethk\Desktop\loader\unjail.c(1094,2): warning : implicit declaration of function 'sceNetGetsockname' is invalid in C99 [-Wimplicit-function-declaration]
C:\Users\sethk\Desktop\loader\unjail.c(1101,3): warning : format specifies type 'unsigned char' but the argument has type 'unsigned int' [-Wformat]
C:\Users\sethk\Desktop\loader\unjail.c(1102,3): warning : format specifies type 'unsigned char' but the argument has type 'unsigned int' [-Wformat]
C:\Users\sethk\Desktop\loader\unjail.c(1103,3): warning : format specifies type 'unsigned char' but the argument has type 'unsigned int' [-Wformat]
C:\Users\sethk\Desktop\loader\unjail.c(1104,3): warning : format specifies type 'unsigned char' but the argument has type 'unsigned int' [-Wformat]
C:\Users\sethk\Desktop\loader\unjail.c(1105,3): warning : format specifies type 'unsigned char' but the argument has type 'int' [-Wformat]
C:\Users\sethk\Desktop\loader\unjail.c(1106,3): warning : format specifies type 'unsigned char' but the argument has type 'int' [-Wformat]
C:\Users\sethk\Desktop\loader\unjail.c(1143,2): warning : implicit declaration of function 'sceNetInetPton' is invalid in C99 [-Wimplicit-function-declaration]
C:\Users\sethk\Desktop\loader\unjail.c(1180,9): warning : implicit declaration of function 'sceNetConnect' is invalid in C99 [-Wimplicit-function-declaration]
C:\Users\sethk\Desktop\loader\unjail.c(1189,25): warning : implicit declaration of function 'sceNetAccept' is invalid in C99 [-Wimplicit-function-declaration]
C:\Users\sethk\Desktop\loader\unjail.c(1198,2): warning : implicit declaration of function 'sceNetSocketClose' is invalid in C99 [-Wimplicit-function-declaration]
C:\Users\sethk\Desktop\loader\unjail.c(1713,37): warning : format specifies type 'long long' but the argument has type 'off_t' (aka 'long') [-Wformat]
C:\Users\sethk\Desktop\loader\unjail.c(1819,3): warning : implicit declaration of function 'sceNetSocketAbort' is invalid in C99 [-Wimplicit-function-declaration]
C:\Users\sethk\Desktop\loader\unjail.c(1932,2): warning : implicit declaration of function 'sceNetSetsockopt' is invalid in C99 [-Wimplicit-function-declaration]
C:\Users\sethk\Desktop\loader\unjail.c(1962,4): warning : implicit declaration of function 'sceNetInetNtop' is invalid in C99 [-Wimplicit-function-declaration]
C:\Users\sethk\Desktop\loader\unjail.c(2049,2): warning : implicit declaration of function 'ftps4_ext_add_command' is invalid in C99 [-Wimplicit-function-declaration]
  C:\Users\sethk\Desktop\loader\unjail.c(2021,27):  note: expanded from macro 'add_command'
C:\Users\sethk\Desktop\loader\unjail.c(2101,26): warning : incompatible pointer types passing 'ScePthreadMutex' (aka 'struct pthread_mutex *') to parameter of type 'ScePthreadMutex *' (aka 'struct pthread_mutex **'); take the address with & [-Wincompatible-pointer-types]
  C:\Program Files (x86)\SCE\ORBIS SDKs\4.500\target\include\_pthread.h(239,46):  note: passing argument to parameter 'mutex' here
C:\Users\sethk\Desktop\loader\unjail.c(2167,8): warning : implicit declaration of function 'sceNetCtlInit' is invalid in C99 [-Wimplicit-function-declaration]
C:\Users\sethk\Desktop\loader\unjail.c(2171,8): warning : implicit declaration of function 'sceNetCtlGetInfo' is invalid in C99 [-Wimplicit-function-declaration]
C:\Users\sethk\Desktop\loader\unjail.c(2177,2): warning : implicit declaration of function 'sceNetCtlTerm' is invalid in C99 [-Wimplicit-function-declaration]
C:\Users\sethk\Desktop\loader\unjail.c(2212,22): warning : format specifies type 'unsigned long' but the argument has type 'unsigned char *' [-Wformat]
C:\Users\sethk\Desktop\loader\unjail.c(2349,9): warning : '__mmap_self_0' macro redefined [-Wmacro-redefined]
  C:\Users\sethk\Desktop\loader\unjail.c(2348,9):  note: previous definition is here
C:\Users\sethk\Desktop\loader\unjail.c(2380,9): warning : 'KERN_FILEPATH' macro redefined [-Wmacro-redefined]
  C:\Users\sethk\Desktop\loader/definess.h(69,9):  note: previous definition is here
C:\Users\sethk\Desktop\loader\unjail.c(2482,23): warning : incompatible integer to pointer conversion passing 'uint64_t' (aka 'unsigned long') to parameter of type 'const void *' [-Wint-conversion]
C:\Users\sethk\Desktop\loader\unjail.c(2482,30): warning : incompatible integer to pointer conversion passing 'uint64_t' (aka 'unsigned long') to parameter of type 'void *' [-Wint-conversion]
C:\Users\sethk\Desktop\loader\unjail.c(2487,10): warning : incompatible integer to pointer conversion passing 'uint64_t' (aka 'unsigned long') to parameter of type 'void *' [-Wint-conversion]
C:\Users\sethk\Desktop\loader\unjail.c(2510,23): warning : incompatible integer to pointer conversion passing 'uint64_t' (aka 'unsigned long') to parameter of type 'const void *' [-Wint-conversion]
C:\Users\sethk\Desktop\loader\unjail.c(2510,30): warning : incompatible integer to pointer conversion passing 'uint64_t' (aka 'unsigned long') to parameter of type 'void *' [-Wint-conversion]
C:\Users\sethk\Desktop\loader\unjail.c(2515,10): warning : incompatible integer to pointer conversion passing 'uint64_t' (aka 'unsigned long') to parameter of type 'void *' [-Wint-conversion]
C:\Users\sethk\Desktop\loader\unjail.c(2501,8): warning : unused variable 'copyin' [-Wunused-variable]
C:\Users\sethk\Desktop\loader\unjail.c(2444,16): warning : unused variable 'cred' [-Wunused-variable]
C:\Users\sethk\Desktop\loader\unjail.c(2445,19): warning : unused variable 'fd' [-Wunused-variable]
C:\Users\sethk\Desktop\loader\unjail.c(2529,2): warning : implicit declaration of function 'sceSysUtilSendSystemNotificationWithText' is invalid in C99 [-Wimplicit-function-declaration]
C:\Users\sethk\Desktop\loader\unjail.c(2614,7): warning : unused variable 'printfkernel' [-Wunused-variable]
C:\Users\sethk\Desktop\loader\unjail.c(2701,14): warning : incompatible integer to pointer conversion returning 'int' from a function with result type 'void *' [-Wint-conversion]
C:\Users\sethk\Desktop\loader\unjail.c(2726,14): warning : incompatible integer to pointer conversion returning 'int' from a function with result type 'void *' [-Wint-conversion]
C:\Users\sethk\Desktop\loader\unjail.c(2766,14): warning : incompatible integer to pointer conversion returning 'int' from a function with result type 'void *' [-Wint-conversion]
C:\Users\sethk\Desktop\loader\unjail.c(2799,3): warning : implicit declaration of function 'cpu_disable_wp' is invalid in C99 [-Wimplicit-function-declaration]
C:\Users\sethk\Desktop\loader\unjail.c(2836,3): warning : implicit declaration of function 'cpu_enable_wp' is invalid in C99 [-Wimplicit-function-declaration]
C:\Users\sethk\Desktop\loader\unjail.c(2886,14): warning : incompatible integer to pointer conversion returning 'int' from a function with result type 'void *' [-Wint-conversion]
C:\Users\sethk\Desktop\loader\unjail.c(2911,14): warning : incompatible integer to pointer conversion returning 'int' from a function with result type 'void *' [-Wint-conversion]
C:\Users\sethk\Desktop\loader\unjail.c(2958,14): warning : incompatible integer to pointer conversion returning 'int' from a function with result type 'void *' [-Wint-conversion]
C:\Users\sethk\Desktop\loader\unjail.c(2967,1): warning : control reaches end of non-void function [-Wreturn-type]
C:\Users\sethk\Desktop\loader\unjail.c(3002,14): warning : incompatible integer to pointer conversion returning 'int' from a function with result type 'void *' [-Wint-conversion]
C:\Users\sethk\Desktop\loader\unjail.c(3027,14): warning : incompatible integer to pointer conversion returning 'int' from a function with result type 'void *' [-Wint-conversion]
C:\Users\sethk\Desktop\loader\unjail.c(3074,14): warning : incompatible integer to pointer conversion returning 'int' from a function with result type 'void *' [-Wint-conversion]
C:\Users\sethk\Desktop\loader\unjail.c(3112,14): warning : incompatible integer to pointer conversion returning 'int' from a function with result type 'void *' [-Wint-conversion]
C:\Users\sethk\Desktop\loader\unjail.c(3137,14): warning : incompatible integer to pointer conversion returning 'int' from a function with result type 'void *' [-Wint-conversion]
C:\Users\sethk\Desktop\loader\unjail.c(3191,14): warning : incompatible integer to pointer conversion returning 'int' from a function with result type 'void *' [-Wint-conversion]
C:\Users\sethk\Desktop\loader\unjail.c(3217,14): warning : incompatible integer to pointer conversion returning 'int' from a function with result type 'void *' [-Wint-conversion]
C:\Users\sethk\Desktop\loader\unjail.c(3237,14): warning : incompatible integer to pointer conversion returning 'int' from a function with result type 'void *' [-Wint-conversion]
C:\Users\sethk\Desktop\loader\unjail.c(3302,14): warning : incompatible integer to pointer conversion returning 'int' from a function with result type 'void *' [-Wint-conversion]
C:\Users\sethk\Desktop\loader\unjail.c(3347,14): warning : incompatible integer to pointer conversion returning 'int' from a function with result type 'void *' [-Wint-conversion]
C:\Users\sethk\Desktop\loader\unjail.c(3372,14): warning : incompatible integer to pointer conversion returning 'int' from a function with result type 'void *' [-Wint-conversion]
C:\Users\sethk\Desktop\loader\unjail.c(3431,14): warning : incompatible integer to pointer conversion returning 'int' from a function with result type 'void *' [-Wint-conversion]
C:\Users\sethk\Desktop\loader\unjail.c(3309,16): warning : unused variable 'cred' [-Wunused-variable]
C:\Users\sethk\Desktop\loader\unjail.c(3313,9): warning : unused variable 'got_prison0' [-Wunused-variable]
C:\Users\sethk\Desktop\loader\unjail.c(3310,19): warning : unused variable 'fd' [-Wunused-variable]
C:\Users\sethk\Desktop\loader\unjail.c(3314,9): warning : unused variable 'got_rootvnode' [-Wunused-variable]
C:\Users\sethk\Desktop\loader\unjail.c(3488,14): warning : incompatible integer to pointer conversion returning 'int' from a function with result type 'void *' [-Wint-conversion]
C:\Users\sethk\Desktop\loader\unjail.c(3528,14): warning : incompatible integer to pointer conversion returning 'int' from a function with result type 'void *' [-Wint-conversion]
C:\Users\sethk\Desktop\loader\unjail.c(3456,12): warning : unused variable 'sceRegMgrSetInt' [-Wunused-variable]
C:\Users\sethk\Desktop\loader\unjail.c(3590,14): warning : incompatible integer to pointer conversion returning 'int' from a function with result type 'void *' [-Wint-conversion]
C:\Users\sethk\Desktop\loader\unjail.c(3615,14): warning : incompatible integer to pointer conversion returning 'int' from a function with result type 'void *' [-Wint-conversion]
C:\Users\sethk\Desktop\loader\unjail.c(3669,14): warning : incompatible integer to pointer conversion returning 'int' from a function with result type 'void *' [-Wint-conversion]
C:\Users\sethk\Desktop\loader\unjail.c(3707,14): warning : incompatible integer to pointer conversion returning 'int' from a function with result type 'void *' [-Wint-conversion]
C:\Users\sethk\Desktop\loader\unjail.c(3732,14): warning : incompatible integer to pointer conversion returning 'int' from a function with result type 'void *' [-Wint-conversion]
C:\Users\sethk\Desktop\loader\unjail.c(3786,14): warning : incompatible integer to pointer conversion returning 'int' from a function with result type 'void *' [-Wint-conversion]
C:\Users\sethk\Desktop\loader\unjail.c(3797,19): warning : incompatible pointer to integer conversion passing 'char [19]' to parameter of type 'int64_t' (aka 'long') [-Wint-conversion]
  C:\Users\sethk\Desktop\loader\unjail.c(690,34):  note: passing argument to parameter 'moduleHandle' here
C:\Users\sethk\Desktop\loader\unjail.c(3836,14): warning : incompatible integer to pointer conversion returning 'int' from a function with result type 'void *' [-Wint-conversion]
C:\Users\sethk\Desktop\loader\unjail.c(3861,14): warning : incompatible integer to pointer conversion returning 'int' from a function with result type 'void *' [-Wint-conversion]
C:\Users\sethk\Desktop\loader\unjail.c(3913,14): warning : incompatible integer to pointer conversion returning 'int' from a function with result type 'void *' [-Wint-conversion]
C:\Users\sethk\Desktop\loader\unjail.c(3949,14): warning : incompatible integer to pointer conversion returning 'int' from a function with result type 'void *' [-Wint-conversion]
C:\Users\sethk\Desktop\loader\unjail.c(3974,14): warning : incompatible integer to pointer conversion returning 'int' from a function with result type 'void *' [-Wint-conversion]
C:\Users\sethk\Desktop\loader\unjail.c(4026,14): warning : incompatible integer to pointer conversion returning 'int' from a function with result type 'void *' [-Wint-conversion]
C:\Users\sethk\Desktop\loader\unjail.c(4062,14): warning : incompatible integer to pointer conversion returning 'int' from a function with result type 'void *' [-Wint-conversion]
C:\Users\sethk\Desktop\loader\unjail.c(4087,14): warning : incompatible integer to pointer conversion returning 'int' from a function with result type 'void *' [-Wint-conversion]
C:\Users\sethk\Desktop\loader\unjail.c(4139,14): warning : incompatible integer to pointer conversion returning 'int' from a function with result type 'void *' [-Wint-conversion]
C:\Users\sethk\Desktop\loader\unjail.c(4175,14): warning : incompatible integer to pointer conversion returning 'int' from a function with result type 'void *' [-Wint-conversion]
C:\Users\sethk\Desktop\loader\unjail.c(4200,14): warning : incompatible integer to pointer conversion returning 'int' from a function with result type 'void *' [-Wint-conversion]
C:\Users\sethk\Desktop\loader\unjail.c(4250,14): warning : incompatible integer to pointer conversion returning 'int' from a function with result type 'void *' [-Wint-conversion]
C:\Users\sethk\Desktop\loader\unjail.c(4286,14): warning : incompatible integer to pointer conversion returning 'int' from a function with result type 'void *' [-Wint-conversion]
C:\Users\sethk\Desktop\loader\unjail.c(4311,14): warning : incompatible integer to pointer conversion returning 'int' from a function with result type 'void *' [-Wint-conversion]
C:\Users\sethk\Desktop\loader\unjail.c(4360,14): warning : incompatible integer to pointer conversion returning 'int' from a function with result type 'void *' [-Wint-conversion]
C:\Users\sethk\Desktop\loader\unjail.c(4366,10): warning : unused variable 'mmap_self' [-Wunused-variable]
C:\Users\sethk\Desktop\loader\unjail.c(4450,11): warning : unused variable 'ptrKernel' [-Wunused-variable]
C:\Users\sethk\Desktop\loader\unjail.c(4449,10): warning : unused variable 'mmap_self' [-Wunused-variable]
C:\Users\sethk\Desktop\loader\unjail.c(4526,1): warning : control reaches end of non-void function [-Wreturn-type]
C:\Users\sethk\Desktop\loader\unjail.c(5001,18): warning : incompatible integer to pointer conversion passing 'uint64_t' (aka 'unsigned long') to parameter of type 'void *' [-Wint-conversion]
C:\Users\sethk\Desktop\loader\unjail.c(5024,7): warning : unused variable 'copyout' [-Wunused-variable]
C:\Users\sethk\Desktop\loader\unjail.c(5023,7): warning : unused variable 'printfkernel' [-Wunused-variable]
C:\Users\sethk\Desktop\loader\unjail.c(5238,43): warning : passing 'uint8_t [264]' to parameter of type 'char *' converts between pointers to integer types with different sign [-Wpointer-sign]
  C:\Program Files (x86)\SCE\ORBIS SDKs\4.500\target\include/_fs.h(123,37):  note: passing argument to parameter 'buf' here
C:\Users\sethk\Desktop\loader\unjail.c(5361,7): warning : unused variable 'msg' [-Wunused-variable]
C:\Users\sethk\Desktop\loader\unjail.c(5732,11): warning : incompatible pointer to integer conversion initializing 'uint64_t' (aka 'unsigned long') with an expression of type 'void *' [-Wint-conversion]
C:\Users\sethk\Desktop\loader\unjail.c(5738,21): warning : incompatible pointer to integer conversion assigning to 'uint64_t' (aka 'unsigned long') from 'uint64_t *' (aka 'unsigned long *'); dereference with * [-Wint-conversion]
C:\Users\sethk\Desktop\loader\unjail.c(5764,13): warning : incompatible integer to pointer conversion passing 'uint64_t' (aka 'unsigned long') to parameter of type 'const void *' [-Wint-conversion]
  C:\Users\sethk\Desktop\loader\unjail.c(70,35):  note: passing argument to parameter 'buf' here
C:\Users\sethk\Desktop\loader\unjail.c(5746,11): warning : unused variable 'pos' [-Wunused-variable]
C:\Users\sethk\Desktop\loader\unjail.c(5749,24): warning : unused variable 'pkey' [-Wunused-variable]
C:\Users\sethk\Desktop\loader\unjail.c(5794,11): warning : incompatible pointer to integer conversion initializing 'uint64_t' (aka 'unsigned long') with an expression of type 'void *' [-Wint-conversion]
C:\Users\sethk\Desktop\loader\unjail.c(5803,21): warning : incompatible pointer to integer conversion assigning to 'uint64_t' (aka 'unsigned long') from 'uint64_t *' (aka 'unsigned long *'); dereference with * [-Wint-conversion]
C:\Users\sethk\Desktop\loader\unjail.c(5841,13): warning : incompatible integer to pointer conversion passing 'uint64_t' (aka 'unsigned long') to parameter of type 'const void *' [-Wint-conversion]
  C:\Users\sethk\Desktop\loader\unjail.c(70,35):  note: passing argument to parameter 'buf' here
C:\Users\sethk\Desktop\loader\unjail.c(5849,9): warning : incompatible integer to pointer conversion passing 'uint64_t' (aka 'unsigned long') to parameter of type 'void *' [-Wint-conversion]
  C:\Users\sethk\Desktop\loader\unjail.c(136,18):  note: passing argument to parameter 'addr' here
C:\Users\sethk\Desktop\loader\unjail.c(60,18): warning : unused variable 'PAGE_SZ' [-Wunused-const-variable]
  NativePluginPS4Example.vcxproj -> C:\Users\sethk\Desktop\loader\HomebrewWIP.prx
