C:\Program Files (x86)\Microsoft Visual Studio\2017\Community\Common7\IDE\VC\VCTargets\Platforms\ORBIS\Microsoft.CppBuild.orbis.targets(86,5): warning MSB8004: Output Directory does not end with a trailing slash.  This build instance will add the slash as it is required to allow proper evaluation of the Output Directory.
  prx.cpp
C:\Users\sethk\Desktop\HomebrewWIPMSG.prx\prx.cpp(38,22): warning : ISO C++11 does not allow conversion from string literal to 'char *' [-Wwritable-strings]
C:\Users\sethk\Desktop\HomebrewWIPMSG.prx\prx.cpp(73,20): warning : unused variable 'msg_hello' [-Wunused-variable]
C:\Users\sethk\Desktop\HomebrewWIPMSG.prx\prx.cpp(273,1): warning : control reaches end of non-void function [-Wreturn-type]
C:\Users\sethk\Desktop\HomebrewWIPMSG.prx\prx.cpp(323,1): warning : control reaches end of non-void function [-Wreturn-type]
C:\Users\sethk\Desktop\HomebrewWIPMSG.prx\prx.cpp(351,1): warning : control reaches end of non-void function [-Wreturn-type]
C:\Users\sethk\Desktop\HomebrewWIPMSG.prx\prx.cpp(569,360): warning : unknown escape sequence '\ ' [-Wunknown-escape-sequence]
  something.c
C:\Users\sethk\Desktop\HomebrewWIPMSG.prx\something.c(27,18): warning : implicit declaration of function 'syscall4' is invalid in C99 [-Wimplicit-function-declaration]
C:\Users\sethk\Desktop\HomebrewWIPMSG.prx\something.c(32,9): warning : implicit declaration of function 'syscall' is invalid in C99 [-Wimplicit-function-declaration]
C:\Users\sethk\Desktop\HomebrewWIPMSG.prx\something.c(61,9): warning : implicit declaration of function 'syscalls' is invalid in C99 [-Wimplicit-function-declaration]
C:\Users\sethk\Desktop\HomebrewWIPMSG.prx\something.c(66,18): warning : implicit declaration of function 'syscall1' is invalid in C99 [-Wimplicit-function-declaration]
C:\Users\sethk\Desktop\HomebrewWIPMSG.prx\something.c(271,18): warning : implicit declaration of function 'syscall3' is invalid in C99 [-Wimplicit-function-declaration]
C:\Users\sethk\Desktop\HomebrewWIPMSG.prx\something.c(287,1): warning : control reaches end of non-void function [-Wreturn-type]
C:\Users\sethk\Desktop\HomebrewWIPMSG.prx\something.c(302,1): warning : control reaches end of non-void function [-Wreturn-type]
C:\Users\sethk\Desktop\HomebrewWIPMSG.prx\something.c(318,1): warning : control reaches end of non-void function [-Wreturn-type]
C:\Users\sethk\Desktop\HomebrewWIPMSG.prx\something.c(346,2): warning : redefinition of typedef 'Ps4MemoryProtected' is a C11 feature [-Wtypedef-redefinition]
  C:\Users\sethk\Desktop\orbisdev505\include\orbissys.h(6,35):  note: previous definition is here
C:\Users\sethk\Desktop\HomebrewWIPMSG.prx\something.c(349,24): warning : unused variable 'writableHandle' [-Wunused-variable]
C:\Users\sethk\Desktop\HomebrewWIPMSG.prx\something.c(349,6): warning : unused variable 'executableHandle' [-Wunused-variable]
C:\Users\sethk\Desktop\HomebrewWIPMSG.prx\something.c(475,1): warning : redefinition of typedef 'Elf' is a C11 feature [-Wtypedef-redefinition]
  C:\Users\sethk\Desktop\orbisdev505\include\elfloader.h(58,20):  note: previous definition is here
C:\Users\sethk\Desktop\HomebrewWIPMSG.prx\something.c(1116,8): warning : unused variable 'data' [-Wunused-variable]
C:\Users\sethk\Desktop\HomebrewWIPMSG.prx\something.c(1540,3): warning : implicit declaration of function 'sleep' is invalid in C99 [-Wimplicit-function-declaration]
C:\Users\sethk\Desktop\HomebrewWIPMSG.prx\something.c(1590,6): warning : unused variable 'jailbreak_out' [-Wunused-variable]
C:\Users\sethk\Desktop\HomebrewWIPMSG.prx\something.c(1717,1): warning : control may reach end of non-void function [-Wreturn-type]
C:\Users\sethk\Desktop\HomebrewWIPMSG.prx\something.c(1983,1): warning : control reaches end of non-void function [-Wreturn-type]
  NativePluginPS4Example.vcxproj -> C:\Users\sethk\Desktop\HomebrewWIPMSG.prx\.\HomebrewWIPMsg.prx
